[09-Nov-2018 21:38:22 UTC] PHP Parse error:  syntax error, unexpected '' (T_ENCAPSED_AND_WHITESPACE), expecting identifier (T_STRING) or variable (T_VARIABLE) or number (T_NUM_STRING) in /home/ubuntu/workspace/includes/functions.php on line 9
[09-Nov-2018 21:38:22 UTC] PHP Stack trace:
[09-Nov-2018 21:38:22 UTC] PHP   1. {main}() /home/ubuntu/workspace/products/index.php:0
[11-Nov-2018 06:35:43 UTC] PHP Parse error:  syntax error, unexpected '{' in /home/ubuntu/workspace/includes/functions.php on line 22
[11-Nov-2018 06:35:43 UTC] PHP Stack trace:
[11-Nov-2018 06:35:43 UTC] PHP   1. {main}() /home/ubuntu/workspace/products/index.php:0
[11-Nov-2018 07:12:15 UTC] PHP Parse error:  syntax error, unexpected '*', expecting '}' in /home/ubuntu/workspace/products/index.php on line 92
[11-Nov-2018 08:05:21 UTC] PHP Parse error:  syntax error, unexpected end of file in /home/ubuntu/workspace/products/category.php on line 129
[11-Nov-2018 08:06:51 UTC] PHP Parse error:  syntax error, unexpected end of file in /home/ubuntu/workspace/products/category.php on line 129
[11-Nov-2018 08:07:06 UTC] PHP Parse error:  syntax error, unexpected end of file in /home/ubuntu/workspace/products/category.php on line 126
[11-Nov-2018 08:07:45 UTC] PHP Warning:  mysqli_fetch_assoc() expects parameter 1 to be mysqli_result, boolean given in /home/ubuntu/workspace/products/category.php on line 19
[11-Nov-2018 08:07:45 UTC] PHP Stack trace:
[11-Nov-2018 08:07:45 UTC] PHP   1. {main}() /home/ubuntu/workspace/products/category.php:0
[11-Nov-2018 08:07:45 UTC] PHP   2. mysqli_fetch_assoc() /home/ubuntu/workspace/products/category.php:19
[11-Nov-2018 08:17:51 UTC] PHP Warning:  mysqli_fetch_assoc() expects parameter 1 to be mysqli_result, null given in /home/ubuntu/workspace/products/category.php on line 87
[11-Nov-2018 08:17:51 UTC] PHP Stack trace:
[11-Nov-2018 08:17:51 UTC] PHP   1. {main}() /home/ubuntu/workspace/products/category.php:0
[11-Nov-2018 08:17:51 UTC] PHP   2. mysqli_fetch_assoc() /home/ubuntu/workspace/products/category.php:87
[11-Nov-2018 08:18:46 UTC] PHP Parse error:  syntax error, unexpected '}' in /home/ubuntu/workspace/products/category.php on line 112
[11-Nov-2018 08:19:09 UTC] PHP Warning:  mysqli_fetch_assoc() expects parameter 1 to be mysqli_result, null given in /home/ubuntu/workspace/products/category.php on line 87
[11-Nov-2018 08:19:09 UTC] PHP Stack trace:
[11-Nov-2018 08:19:09 UTC] PHP   1. {main}() /home/ubuntu/workspace/products/category.php:0
[11-Nov-2018 08:19:09 UTC] PHP   2. mysqli_fetch_assoc() /home/ubuntu/workspace/products/category.php:87
[11-Nov-2018 08:23:05 UTC] PHP Warning:  mysqli_fetch_assoc() expects parameter 1 to be mysqli_result, null given in /home/ubuntu/workspace/products/category.php on line 88
[11-Nov-2018 08:23:05 UTC] PHP Stack trace:
[11-Nov-2018 08:23:05 UTC] PHP   1. {main}() /home/ubuntu/workspace/products/category.php:0
[11-Nov-2018 08:23:05 UTC] PHP   2. mysqli_fetch_assoc() /home/ubuntu/workspace/products/category.php:88
[11-Nov-2018 08:25:11 UTC] PHP Warning:  mysqli_fetch_assoc() expects parameter 1 to be mysqli_result, null given in /home/ubuntu/workspace/products/category.php on line 88
[11-Nov-2018 08:25:11 UTC] PHP Stack trace:
[11-Nov-2018 08:25:11 UTC] PHP   1. {main}() /home/ubuntu/workspace/products/category.php:0
[11-Nov-2018 08:25:11 UTC] PHP   2. mysqli_fetch_assoc() /home/ubuntu/workspace/products/category.php:88
[11-Nov-2018 08:26:04 UTC] PHP Warning:  mysqli_fetch_assoc() expects parameter 1 to be mysqli_result, null given in /home/ubuntu/workspace/products/category.php on line 88
[11-Nov-2018 08:26:04 UTC] PHP Stack trace:
[11-Nov-2018 08:26:04 UTC] PHP   1. {main}() /home/ubuntu/workspace/products/category.php:0
[11-Nov-2018 08:26:04 UTC] PHP   2. mysqli_fetch_assoc() /home/ubuntu/workspace/products/category.php:88
[11-Nov-2018 08:28:04 UTC] PHP Warning:  mysqli_fetch_assoc() expects parameter 1 to be mysqli_result, null given in /home/ubuntu/workspace/products/category.php on line 88
[11-Nov-2018 08:28:04 UTC] PHP Stack trace:
[11-Nov-2018 08:28:04 UTC] PHP   1. {main}() /home/ubuntu/workspace/products/category.php:0
[11-Nov-2018 08:28:04 UTC] PHP   2. mysqli_fetch_assoc() /home/ubuntu/workspace/products/category.php:88
[11-Nov-2018 08:28:19 UTC] PHP Warning:  mysqli_fetch_assoc() expects parameter 1 to be mysqli_result, null given in /home/ubuntu/workspace/products/category.php on line 88
[11-Nov-2018 08:28:19 UTC] PHP Stack trace:
[11-Nov-2018 08:28:19 UTC] PHP   1. {main}() /home/ubuntu/workspace/products/category.php:0
[11-Nov-2018 08:28:19 UTC] PHP   2. mysqli_fetch_assoc() /home/ubuntu/workspace/products/category.php:88
[11-Nov-2018 08:36:15 UTC] PHP Warning:  mysqli_fetch_assoc() expects parameter 1 to be mysqli_result, null given in /home/ubuntu/workspace/products/category.php on line 88
[11-Nov-2018 08:36:15 UTC] PHP Stack trace:
[11-Nov-2018 08:36:15 UTC] PHP   1. {main}() /home/ubuntu/workspace/products/category.php:0
[11-Nov-2018 08:36:15 UTC] PHP   2. mysqli_fetch_assoc() /home/ubuntu/workspace/products/category.php:88
[11-Nov-2018 20:53:35 UTC] PHP Warning:  mysqli_fetch_assoc() expects parameter 1 to be mysqli_result, null given in /home/ubuntu/workspace/products/category.php on line 88
[11-Nov-2018 20:53:35 UTC] PHP Stack trace:
[11-Nov-2018 20:53:35 UTC] PHP   1. {main}() /home/ubuntu/workspace/products/category.php:0
[11-Nov-2018 20:53:35 UTC] PHP   2. mysqli_fetch_assoc() /home/ubuntu/workspace/products/category.php:88
[12-Nov-2018 22:10:18 UTC] PHP Warning:  mysqli_fetch_assoc() expects parameter 1 to be mysqli_result, null given in /home/ubuntu/workspace/products/category.php on line 88
[12-Nov-2018 22:10:18 UTC] PHP Stack trace:
[12-Nov-2018 22:10:18 UTC] PHP   1. {main}() /home/ubuntu/workspace/products/category.php:0
[12-Nov-2018 22:10:18 UTC] PHP   2. mysqli_fetch_assoc() /home/ubuntu/workspace/products/category.php:88
[12-Nov-2018 22:11:33 UTC] PHP Warning:  mysqli_fetch_assoc() expects parameter 1 to be mysqli_result, null given in /home/ubuntu/workspace/products/category.php on line 88
[12-Nov-2018 22:11:33 UTC] PHP Stack trace:
[12-Nov-2018 22:11:33 UTC] PHP   1. {main}() /home/ubuntu/workspace/products/category.php:0
[12-Nov-2018 22:11:33 UTC] PHP   2. mysqli_fetch_assoc() /home/ubuntu/workspace/products/category.php:88
[12-Nov-2018 22:11:45 UTC] PHP Warning:  mysqli_fetch_assoc() expects parameter 1 to be mysqli_result, null given in /home/ubuntu/workspace/products/category.php on line 88
[12-Nov-2018 22:11:45 UTC] PHP Stack trace:
[12-Nov-2018 22:11:45 UTC] PHP   1. {main}() /home/ubuntu/workspace/products/category.php:0
[12-Nov-2018 22:11:45 UTC] PHP   2. mysqli_fetch_assoc() /home/ubuntu/workspace/products/category.php:88
[12-Nov-2018 22:12:18 UTC] PHP Warning:  mysqli_fetch_assoc() expects parameter 1 to be mysqli_result, null given in /home/ubuntu/workspace/products/category.php on line 88
[12-Nov-2018 22:12:18 UTC] PHP Stack trace:
[12-Nov-2018 22:12:18 UTC] PHP   1. {main}() /home/ubuntu/workspace/products/category.php:0
[12-Nov-2018 22:12:18 UTC] PHP   2. mysqli_fetch_assoc() /home/ubuntu/workspace/products/category.php:88
